app/build/outputs/logs/manifest-merger-debug-report.txt
-- Merging decision tree log ---
manifest
ADDED from src/main/AndroidManifest.xml:2:1-106:12
	package
		ADDED from src/main/AndroidManifest.xml:3:5-34
		INJECTED from src/main/AndroidManifest.xml
		INJECTED from src/main/AndroidManifest.xml
	android:versionName
		ADDED from src/main/AndroidManifest.xml:5:5-30
	android:versionCode
		ADDED from src/main/AndroidManifest.xml:4:5-28
		INJECTED from src/main/AndroidManifest.xml
		INJECTED from src/main/AndroidManifest.xml
	xmlns:android
		ADDED from src/main/AndroidManifest.xml:2:11-69
uses-sdk
ADDED from src/main/AndroidManifest.xml:7:5-9:41
	android:targetSdkVersion
		ADDED from src/main/AndroidManifest.xml:9:9-38
		INJECTED from src/main/AndroidManifest.xml
		INJECTED from src/main/AndroidManifest.xml
	android:minSdkVersion
		ADDED from src/main/AndroidManifest.xml:8:9-35
		INJECTED from src/main/AndroidManifest.xml
		INJECTED from src/main/AndroidManifest.xml
uses-permission#android.permission.INTERNET
ADDED from src/main/AndroidManifest.xml:10:5-66
	android:name
		ADDED from src/main/AndroidManifest.xml:10:22-64
uses-permission#android.permission.ACCESS_WIFI_STATE
ADDED from src/main/AndroidManifest.xml:11:5-76
	android:name
		ADDED from src/main/AndroidManifest.xml:11:22-73
uses-permission#android.permission.ACCESS_NETWORK_STATE
ADDED from src/main/AndroidManifest.xml:12:5-79
	android:name
		ADDED from src/main/AndroidManifest.xml:12:22-76
uses-permission#android.permission.WRITE_EXTERNAL_STORAGE
ADDED from src/main/AndroidManifest.xml:13:5-81
	android:name
		ADDED from src/main/AndroidManifest.xml:13:22-78
uses-permission#android.permission.READ_EXTERNAL_STORAGE
ADDED from src/main/AndroidManifest.xml:14:2-77
	android:name
		ADDED from src/main/AndroidManifest.xml:14:19-74
application
ADDED from src/main/AndroidManifest.xml:16:5-104:19
	android:label
		ADDED from src/main/AndroidManifest.xml:19:9-41
	android:allowBackup
		ADDED from src/main/AndroidManifest.xml:17:9-35
	android:icon
		ADDED from src/main/AndroidManifest.xml:18:9-45
	android:theme
		ADDED from src/main/AndroidManifest.xml:20:9-40
activity#com.example.zsurfer.SimpleBrowser
ADDED from src/main/AndroidManifest.xml:21:9-43:20
	android:screenOrientation
		ADDED from src/main/AndroidManifest.xml:26:13-49
	android:label
		ADDED from src/main/AndroidManifest.xml:24:13-45
	android:launchMode
		ADDED from src/main/AndroidManifest.xml:23:13-44
	android:configChanges
		ADDED from src/main/AndroidManifest.xml:25:13-48
	android:name
		ADDED from src/main/AndroidManifest.xml:22:13-61
intent-filter#android.intent.category.LAUNCHER+com.example.zsurfer.SIMPLEBROWSER
ADDED from src/main/AndroidManifest.xml:27:13-30:29
action#com.example.zsurfer.SIMPLEBROWSER
ADDED from src/main/AndroidManifest.xml:28:17-76
	android:name
		ADDED from src/main/AndroidManifest.xml:28:25-73
category#android.intent.category.LAUNCHER
ADDED from src/main/AndroidManifest.xml:29:17-77
	android:name
		ADDED from src/main/AndroidManifest.xml:29:27-74
intent-filter#android.intent.action.SEND+android.intent.category.DEFAULT
ADDED from src/main/AndroidManifest.xml:31:13-34:29
action#android.intent.action.SEND
ADDED from src/main/AndroidManifest.xml:32:17-69
	android:name
		ADDED from src/main/AndroidManifest.xml:32:25-66
category#android.intent.category.DEFAULT
ADDED from src/main/AndroidManifest.xml:33:17-76
	android:name
		ADDED from src/main/AndroidManifest.xml:33:27-73
intent-filter#android.intent.action.VIEW+android.intent.category.BROWSABLE+android.intent.category.DEFAULT
ADDED from src/main/AndroidManifest.xml:35:13-42:29
action#android.intent.action.VIEW
ADDED from src/main/AndroidManifest.xml:36:17-76
	android:name
		ADDED from src/main/AndroidManifest.xml:36:25-66
category#android.intent.category.BROWSABLE
ADDED from src/main/AndroidManifest.xml:38:14-84
	android:name
		ADDED from src/main/AndroidManifest.xml:38:24-72
data
ADDED from src/main/AndroidManifest.xml:39:14-49
	android:scheme
		ADDED from src/main/AndroidManifest.xml:39:20-41
activity#com.example.zsurfer.Homepage
ADDED from src/main/AndroidManifest.xml:44:9-54:20
	android:screenOrientation
		ADDED from src/main/AndroidManifest.xml:48:13-49
	android:label
		ADDED from src/main/AndroidManifest.xml:46:13-45
	android:configChanges
		ADDED from src/main/AndroidManifest.xml:47:13-48
	android:name
		ADDED from src/main/AndroidManifest.xml:45:13-56
intent-filter#android.intent.action.MAIN+android.intent.category.LAUNCHER
ADDED from src/main/AndroidManifest.xml:49:13-53:29
action#android.intent.action.MAIN
ADDED from src/main/AndroidManifest.xml:50:17-69
	android:name
		ADDED from src/main/AndroidManifest.xml:50:25-66
activity#com.example.zsurfer.ViewHistory
ADDED from src/main/AndroidManifest.xml:57:9-68:20
	android:screenOrientation
		ADDED from src/main/AndroidManifest.xml:62:13-49
	android:label
		ADDED from src/main/AndroidManifest.xml:60:13-45
	android:noHistory
		ADDED from src/main/AndroidManifest.xml:59:13-37
	android:configChanges
		ADDED from src/main/AndroidManifest.xml:61:13-48
	android:name
		ADDED from src/main/AndroidManifest.xml:58:13-59
intent-filter#android.intent.category.DEFAULT+com.example.zsurfer.VIEWHISTORY
ADDED from src/main/AndroidManifest.xml:63:13-67:29
action#com.example.zsurfer.VIEWHISTORY
ADDED from src/main/AndroidManifest.xml:64:17-74
	android:name
		ADDED from src/main/AndroidManifest.xml:64:25-71
activity#com.example.zsurfer.ViewBookmarks
ADDED from src/main/AndroidManifest.xml:71:9-82:20
	android:screenOrientation
		ADDED from src/main/AndroidManifest.xml:76:13-49
	android:label
		ADDED from src/main/AndroidManifest.xml:74:13-45
	android:noHistory
		ADDED from src/main/AndroidManifest.xml:73:13-37
	android:configChanges
		ADDED from src/main/AndroidManifest.xml:75:13-48
	android:name
		ADDED from src/main/AndroidManifest.xml:72:13-61
intent-filter#android.intent.category.DEFAULT+com.example.zsurfer.VIEWBOOKMARKS
ADDED from src/main/AndroidManifest.xml:77:13-81:29
action#com.example.zsurfer.VIEWBOOKMARKS
ADDED from src/main/AndroidManifest.xml:78:17-76
	android:name
		ADDED from src/main/AndroidManifest.xml:78:25-73
activity#com.example.zsurfer.Download
ADDED from src/main/AndroidManifest.xml:84:9-94:20
	android:screenOrientation
		ADDED from src/main/AndroidManifest.xml:88:13-49
	android:label
		ADDED from src/main/AndroidManifest.xml:86:13-45
	android:configChanges
		ADDED from src/main/AndroidManifest.xml:87:13-48
	android:name
		ADDED from src/main/AndroidManifest.xml:85:13-56
intent-filter#android.intent.category.DEFAULT+com.example.zsurfer.DOWNLOAD
ADDED from src/main/AndroidManifest.xml:89:13-93:29
action#com.example.zsurfer.DOWNLOAD
ADDED from src/main/AndroidManifest.xml:90:17-71
	android:name
		ADDED from src/main/AndroidManifest.xml:90:25-68
activity#com.example.zsurfer.PageInformation
ADDED from src/main/AndroidManifest.xml:96:9-101:20
	android:theme
		ADDED from src/main/AndroidManifest.xml:98:13-56
	android:name
		ADDED from src/main/AndroidManifest.xml:97:13-63